Determining if the pthread_create exist failed with the following output:
Change Dir: /home/lz/.vim/bundle/CMakeFiles/CMakeTmp

Run Build Command:/usr/bin/make "cmTryCompileExec3606169120/fast"
/usr/bin/make -f CMakeFiles/cmTryCompileExec3606169120.dir/build.make CMakeFiles/cmTryCompileExec3606169120.dir/build
make[1]: Entering directory '/home/lz/.vim/bundle/CMakeFiles/CMakeTmp'
/usr/bin/cmake -E cmake_progress_report /home/lz/.vim/bundle/CMakeFiles/CMakeTmp/CMakeFiles 1
Building C object CMakeFiles/cmTryCompileExec3606169120.dir/CheckSymbolExists.c.o
/usr/bin/cc    -o CMakeFiles/cmTryCompileExec3606169120.dir/CheckSymbolExists.c.o   -c /home/lz/.vim/bundle/CMakeFiles/CMakeTmp/CheckSymbolExists.c
Linking C executable cmTryCompileExec3606169120
/usr/bin/cmake -E cmake_link_script CMakeFiles/cmTryCompileExec3606169120.dir/link.txt --verbose=1
/usr/bin/cc       CMakeFiles/cmTryCompileExec3606169120.dir/CheckSymbolExists.c.o  -o cmTryCompileExec3606169120 -rdynamic 
CMakeFiles/cmTryCompileExec3606169120.dir/CheckSymbolExists.c.o：在函数‘main’中：
CheckSymbolExists.c:(.text+0x16)：对‘pthread_create’未定义的引用
collect2: error: ld returned 1 exit status
CMakeFiles/cmTryCompileExec3606169120.dir/build.make:88: recipe for target 'cmTryCompileExec3606169120' failed
make[1]: *** [cmTryCompileExec3606169120] Error 1
make[1]: Leaving directory '/home/lz/.vim/bundle/CMakeFiles/CMakeTmp'
Makefile:114: recipe for target 'cmTryCompileExec3606169120/fast' failed
make: *** [cmTryCompileExec3606169120/fast] Error 2

File /home/lz/.vim/bundle/CMakeFiles/CMakeTmp/CheckSymbolExists.c:
/* */
#include <pthread.h>

int main(int argc, char** argv)
{
  (void)argv;
#ifndef pthread_create
  return ((int*)(&pthread_create))[argc];
#else
  (void)argc;
  return 0;
#endif
}

Determining if the function pthread_create exists in the pthreads failed with the following output:
Change Dir: /home/lz/.vim/bundle/CMakeFiles/CMakeTmp

Run Build Command:/usr/bin/make "cmTryCompileExec3354397186/fast"
/usr/bin/make -f CMakeFiles/cmTryCompileExec3354397186.dir/build.make CMakeFiles/cmTryCompileExec3354397186.dir/build
make[1]: Entering directory '/home/lz/.vim/bundle/CMakeFiles/CMakeTmp'
/usr/bin/cmake -E cmake_progress_report /home/lz/.vim/bundle/CMakeFiles/CMakeTmp/CMakeFiles 1
Building C object CMakeFiles/cmTryCompileExec3354397186.dir/CheckFunctionExists.c.o
/usr/bin/cc   -DCHECK_FUNCTION_EXISTS=pthread_create   -o CMakeFiles/cmTryCompileExec3354397186.dir/CheckFunctionExists.c.o   -c /usr/share/cmake-2.8/Modules/CheckFunctionExists.c
Linking C executable cmTryCompileExec3354397186
/usr/bin/cmake -E cmake_link_script CMakeFiles/cmTryCompileExec3354397186.dir/link.txt --verbose=1
/usr/bin/cc   -DCHECK_FUNCTION_EXISTS=pthread_create    CMakeFiles/cmTryCompileExec3354397186.dir/CheckFunctionExists.c.o  -o cmTryCompileExec3354397186 -rdynamic -lpthreads 
/usr/bin/ld: cannot find -lpthreads
collect2: error: ld returned 1 exit status
CMakeFiles/cmTryCompileExec3354397186.dir/build.make:88: recipe for target 'cmTryCompileExec3354397186' failed
make[1]: *** [cmTryCompileExec3354397186] Error 1
make[1]: Leaving directory '/home/lz/.vim/bundle/CMakeFiles/CMakeTmp'
Makefile:114: recipe for target 'cmTryCompileExec3354397186/fast' failed
make: *** [cmTryCompileExec3354397186/fast] Error 2


